#-----------------------------------------------------------
# Vivado v2017.1 (64-bit)
# SW Build 1846317 on Fri Apr 14 18:55:03 MDT 2017
# IP Build 1846188 on Fri Apr 14 20:52:08 MDT 2017
# Start of session at: Fri Nov 17 16:00:29 2017
# Process ID: 19300
# Current directory: E:/FPGA/game
# Command line: vivado.exe -gui_launcher_event rodinguilauncherevent21352 E:\FPGA\game\game.xpr
# Log file: E:/FPGA/game/vivado.log
# Journal file: E:/FPGA/game\vivado.jou
#-----------------------------------------------------------
start_gui
open_project E:/FPGA/game/game.xpr
INFO: [Project 1-313] Project file moved from 'D:/FPGA/game' since last save.
CRITICAL WARNING: [Project 1-311] Could not find the file 'E:/FPGA/game/game.srcs/sources_1/bd/mbsys/ip/mbsys_mig_7series_0_1/board.prj', nor could it be found using path 'D:/FPGA/game/game.srcs/sources_1/bd/mbsys/ip/mbsys_mig_7series_0_1/board.prj'.
Scanning sources...
Finished scanning sources
INFO: [IP_Flow 19-234] Refreshing IP repositories
INFO: [IP_Flow 19-1700] Loaded user IP repository 'e:/FPGA/ip_repo/KEYBOARD_1.0'.
INFO: [IP_Flow 19-1700] Loaded user IP repository 'e:/FPGA/ip_repo/AUDIO_1.0'.
INFO: [IP_Flow 19-2313] Loaded Vivado IP repository 'D:/Xilinx/Vivado/2017.1/data/ip'.
open_project: Time (s): cpu = 00:00:26 ; elapsed = 00:00:26 . Memory (MB): peak = 975.176 ; gain = 293.543
exit
INFO: [Common 17-206] Exiting Vivado at Fri Nov 17 16:03:52 2017...
