Copyright 1986-2017 Xilinx, Inc. All Rights Reserved.
------------------------------------------------------------------------------------
| Tool Version : Vivado v.2017.1 (win64) Build 1846317 Fri Apr 14 18:55:03 MDT 2017
| Date         : Thu Dec 21 01:23:28 2017
| Host         : DESKTOP-27DIMJ4 running 64-bit major release  (build 9200)
| Command      : report_drc -file microblaze_start_drc_opted.rpt
| Design       : microblaze_start
| Device       : xc7a100tcsg324-1
| Speed File   : -1
| Design State : Synthesized
------------------------------------------------------------------------------------

Report DRC

Table of Contents
-----------------
1. REPORT SUMMARY
2. REPORT DETAILS

1. REPORT SUMMARY
-----------------
            Netlist: netlist
          Floorplan: design_1
      Design limits: <entire design considered>
           Ruledeck: default
             Max violations: <unlimited>
             Violations found: 16
+-----------+----------+-----------------------------------------------------+------------+
| Rule      | Severity | Description                                         | Violations |
+-----------+----------+-----------------------------------------------------+------------+
| BUFC-1    | Warning  | Input Buffer Connections                            | 2          |
| CFGBVS-1  | Warning  | Missing CFGBVS and CONFIG_VOLTAGE Design Properties | 1          |
| DPIP-1    | Warning  | Input pipelining                                    | 10         |
| DPOP-1    | Warning  | PREG Output pipelining                              | 1          |
| DPOP-2    | Warning  | MREG Output pipelining                              | 1          |
| REQP-1709 | Warning  | Clock output buffering                              | 1          |
+-----------+----------+-----------------------------------------------------+------------+

2. REPORT DETAILS
-----------------
BUFC-1#1 Warning
Input Buffer Connections  
Input buffer nolabel_line62/spi_0_io0_iobuf/IBUF (in nolabel_line62/spi_0_io0_iobuf macro) has no loads. It is recommended to have an input buffer drive an internal load.
Related violations: <none>

BUFC-1#2 Warning
Input Buffer Connections  
Input buffer nolabel_line62/spi_0_ss_iobuf_0/IBUF (in nolabel_line62/spi_0_ss_iobuf_0 macro) has no loads. It is recommended to have an input buffer drive an internal load.
Related violations: <none>

CFGBVS-1#1 Warning
Missing CFGBVS and CONFIG_VOLTAGE Design Properties  
Neither the CFGBVS nor CONFIG_VOLTAGE voltage property is set in the current_design.  Configuration bank voltage select (CFGBVS) must be set to VCCO or GND, and CONFIG_VOLTAGE must be set to the correct configuration voltage, in order to determine the I/O voltage support for the pins in bank 0.  It is suggested to specify these either using the 'Edit Device Properties' function in the GUI or directly in the XDC file using the following syntax:

 set_property CFGBVS value1 [current_design]
 #where value1 is either VCCO or GND

 set_property CONFIG_VOLTAGE value2 [current_design]
 #where value2 is the voltage provided to configuration bank 0

Refer to the device configuration user guide for more information.
Related violations: <none>

DPIP-1#1 Warning
Input pipelining  
DSP nolabel_line62/mysys_i/microblaze_0/U0/MicroBlaze_Core_I/Frequency.Core/DATA_FLOW_I1/FPU_I1/Use_FPU.FPU_MUL_I/Use_DSP48E.dsp_module_lower/Using_DSP48E1.DSP48E1_I1/Using_FPGA.DSP48E1_I1 input nolabel_line62/mysys_i/microblaze_0/U0/MicroBlaze_Core_I/Frequency.Core/DATA_FLOW_I1/FPU_I1/Use_FPU.FPU_MUL_I/Use_DSP48E.dsp_module_lower/Using_DSP48E1.DSP48E1_I1/Using_FPGA.DSP48E1_I1/A[29:0] is not pipelined. Pipelining DSP48 input will improve performance.
Related violations: <none>

DPIP-1#2 Warning
Input pipelining  
DSP nolabel_line62/mysys_i/microblaze_0/U0/MicroBlaze_Core_I/Frequency.Core/DATA_FLOW_I1/FPU_I1/Use_FPU.FPU_MUL_I/Use_DSP48E.dsp_module_lower/Using_DSP48E1.DSP48E1_I1/Using_FPGA.DSP48E1_I1 input nolabel_line62/mysys_i/microblaze_0/U0/MicroBlaze_Core_I/Frequency.Core/DATA_FLOW_I1/FPU_I1/Use_FPU.FPU_MUL_I/Use_DSP48E.dsp_module_lower/Using_DSP48E1.DSP48E1_I1/Using_FPGA.DSP48E1_I1/B[17:0] is not pipelined. Pipelining DSP48 input will improve performance.
Related violations: <none>

DPIP-1#3 Warning
Input pipelining  
DSP nolabel_line62/mysys_i/microblaze_0/U0/MicroBlaze_Core_I/Frequency.Core/DATA_FLOW_I1/FPU_I1/Use_FPU.FPU_MUL_I/Use_DSP48E.dsp_module_upper/Using_DSP48E1.DSP48E1_I1/Using_FPGA.DSP48E1_I1 input nolabel_line62/mysys_i/microblaze_0/U0/MicroBlaze_Core_I/Frequency.Core/DATA_FLOW_I1/FPU_I1/Use_FPU.FPU_MUL_I/Use_DSP48E.dsp_module_upper/Using_DSP48E1.DSP48E1_I1/Using_FPGA.DSP48E1_I1/A[29:0] is not pipelined. Pipelining DSP48 input will improve performance.
Related violations: <none>

DPIP-1#4 Warning
Input pipelining  
DSP nolabel_line62/mysys_i/microblaze_0/U0/MicroBlaze_Core_I/Frequency.Core/DATA_FLOW_I1/FPU_I1/Use_FPU.FPU_MUL_I/Use_DSP48E.dsp_module_upper/Using_DSP48E1.DSP48E1_I1/Using_FPGA.DSP48E1_I1 input nolabel_line62/mysys_i/microblaze_0/U0/MicroBlaze_Core_I/Frequency.Core/DATA_FLOW_I1/FPU_I1/Use_FPU.FPU_MUL_I/Use_DSP48E.dsp_module_upper/Using_DSP48E1.DSP48E1_I1/Using_FPGA.DSP48E1_I1/B[17:0] is not pipelined. Pipelining DSP48 input will improve performance.
Related violations: <none>

DPIP-1#5 Warning
Input pipelining  
DSP nolabel_line62/mysys_i/microblaze_0/U0/MicroBlaze_Core_I/Frequency.Core/DATA_FLOW_I1/MUL_Unit_I1/Use_HW_MUL.Using_DSP48_Architectures.Doing_mul64.dsp_module_I2/Using_DSP48E1.DSP48E1_I1/Using_FPGA.DSP48E1_I1 input nolabel_line62/mysys_i/microblaze_0/U0/MicroBlaze_Core_I/Frequency.Core/DATA_FLOW_I1/MUL_Unit_I1/Use_HW_MUL.Using_DSP48_Architectures.Doing_mul64.dsp_module_I2/Using_DSP48E1.DSP48E1_I1/Using_FPGA.DSP48E1_I1/A[29:0] is not pipelined. Pipelining DSP48 input will improve performance.
Related violations: <none>

DPIP-1#6 Warning
Input pipelining  
DSP nolabel_line62/mysys_i/microblaze_0/U0/MicroBlaze_Core_I/Frequency.Core/DATA_FLOW_I1/MUL_Unit_I1/Use_HW_MUL.Using_DSP48_Architectures.Doing_mul64.dsp_module_I2/Using_DSP48E1.DSP48E1_I1/Using_FPGA.DSP48E1_I1 input nolabel_line62/mysys_i/microblaze_0/U0/MicroBlaze_Core_I/Frequency.Core/DATA_FLOW_I1/MUL_Unit_I1/Use_HW_MUL.Using_DSP48_Architectures.Doing_mul64.dsp_module_I2/Using_DSP48E1.DSP48E1_I1/Using_FPGA.DSP48E1_I1/B[17:0] is not pipelined. Pipelining DSP48 input will improve performance.
Related violations: <none>

DPIP-1#7 Warning
Input pipelining  
DSP nolabel_line62/mysys_i/microblaze_0/U0/MicroBlaze_Core_I/Frequency.Core/DATA_FLOW_I1/MUL_Unit_I1/Use_HW_MUL.Using_DSP48_Architectures.Doing_mul64.dsp_module_I3/Using_DSP48E1.DSP48E1_I1/Using_FPGA.DSP48E1_I1 input nolabel_line62/mysys_i/microblaze_0/U0/MicroBlaze_Core_I/Frequency.Core/DATA_FLOW_I1/MUL_Unit_I1/Use_HW_MUL.Using_DSP48_Architectures.Doing_mul64.dsp_module_I3/Using_DSP48E1.DSP48E1_I1/Using_FPGA.DSP48E1_I1/A[29:0] is not pipelined. Pipelining DSP48 input will improve performance.
Related violations: <none>

DPIP-1#8 Warning
Input pipelining  
DSP nolabel_line62/mysys_i/microblaze_0/U0/MicroBlaze_Core_I/Frequency.Core/DATA_FLOW_I1/MUL_Unit_I1/Use_HW_MUL.Using_DSP48_Architectures.Doing_mul64.dsp_module_I3/Using_DSP48E1.DSP48E1_I1/Using_FPGA.DSP48E1_I1 input nolabel_line62/mysys_i/microblaze_0/U0/MicroBlaze_Core_I/Frequency.Core/DATA_FLOW_I1/MUL_Unit_I1/Use_HW_MUL.Using_DSP48_Architectures.Doing_mul64.dsp_module_I3/Using_DSP48E1.DSP48E1_I1/Using_FPGA.DSP48E1_I1/B[17:0] is not pipelined. Pipelining DSP48 input will improve performance.
Related violations: <none>

DPIP-1#9 Warning
Input pipelining  
DSP nolabel_line62/mysys_i/microblaze_0/U0/MicroBlaze_Core_I/Frequency.Core/DATA_FLOW_I1/MUL_Unit_I1/Use_HW_MUL.Using_DSP48_Architectures.dsp_module_I1/Using_DSP48E1.DSP48E1_I1/Using_FPGA.DSP48E1_I1 input nolabel_line62/mysys_i/microblaze_0/U0/MicroBlaze_Core_I/Frequency.Core/DATA_FLOW_I1/MUL_Unit_I1/Use_HW_MUL.Using_DSP48_Architectures.dsp_module_I1/Using_DSP48E1.DSP48E1_I1/Using_FPGA.DSP48E1_I1/A[29:0] is not pipelined. Pipelining DSP48 input will improve performance.
Related violations: <none>

DPIP-1#10 Warning
Input pipelining  
DSP nolabel_line62/mysys_i/microblaze_0/U0/MicroBlaze_Core_I/Frequency.Core/DATA_FLOW_I1/MUL_Unit_I1/Use_HW_MUL.Using_DSP48_Architectures.dsp_module_I1/Using_DSP48E1.DSP48E1_I1/Using_FPGA.DSP48E1_I1 input nolabel_line62/mysys_i/microblaze_0/U0/MicroBlaze_Core_I/Frequency.Core/DATA_FLOW_I1/MUL_Unit_I1/Use_HW_MUL.Using_DSP48_Architectures.dsp_module_I1/Using_DSP48E1.DSP48E1_I1/Using_FPGA.DSP48E1_I1/B[17:0] is not pipelined. Pipelining DSP48 input will improve performance.
Related violations: <none>

DPOP-1#1 Warning
PREG Output pipelining  
DSP nolabel_line62/mysys_i/microblaze_0/U0/MicroBlaze_Core_I/Frequency.Core/DATA_FLOW_I1/FPU_I1/Use_FPU.FPU_MUL_I/Use_DSP48E.dsp_module_lower/Using_DSP48E1.DSP48E1_I1/Using_FPGA.DSP48E1_I1 output nolabel_line62/mysys_i/microblaze_0/U0/MicroBlaze_Core_I/Frequency.Core/DATA_FLOW_I1/FPU_I1/Use_FPU.FPU_MUL_I/Use_DSP48E.dsp_module_lower/Using_DSP48E1.DSP48E1_I1/Using_FPGA.DSP48E1_I1/PATTERNDETECT is not pipelined (PREG=0). Pipelining the DSP48 output will improve performance and often saves power so it is suggested whenever possible to fully pipeline this function.  If this DSP48 function was inferred, it is suggested to describe an additional register stage after this function.  If the DSP48 was instantiated in the design, it is suggested to set the PREG attribute to 1.
Related violations: <none>

DPOP-2#1 Warning
MREG Output pipelining  
DSP nolabel_line62/mysys_i/microblaze_0/U0/MicroBlaze_Core_I/Frequency.Core/DATA_FLOW_I1/MUL_Unit_I1/Use_HW_MUL.Using_DSP48_Architectures.dsp_module_I1/Using_DSP48E1.DSP48E1_I1/Using_FPGA.DSP48E1_I1 multiplier stage nolabel_line62/mysys_i/microblaze_0/U0/MicroBlaze_Core_I/Frequency.Core/DATA_FLOW_I1/MUL_Unit_I1/Use_HW_MUL.Using_DSP48_Architectures.dsp_module_I1/Using_DSP48E1.DSP48E1_I1/Using_FPGA.DSP48E1_I1/P[47:0] is not pipelined (MREG=0). Pipelining the multiplier function will improve performance and will save significant power so it is suggested whenever possible to fully pipeline this function.  If this multiplier was inferred, it is suggested to describe an additional register stage after this function.  If there is no registered adder/accumulator following the multiply function, two pipeline stages are suggested to allow both the MREG and PREG registers to be used.  If the DSP48 was instantiated in the design, it is suggested to set both the MREG and PREG attributes to 1 when performing multiply functions.
Related violations: <none>

REQP-1709#1 Warning
Clock output buffering  
PLLE2_ADV connectivity violation. The signal nolabel_line62/mysys_i/hier_mem/mig_7series_0/u_mysys_mig_7series_0_0_mig/u_ddr2_infrastructure/pll_clk3_out on the nolabel_line62/mysys_i/hier_mem/mig_7series_0/u_mysys_mig_7series_0_0_mig/u_ddr2_infrastructure/plle2_i/CLKOUT3 pin of nolabel_line62/mysys_i/hier_mem/mig_7series_0/u_mysys_mig_7series_0_0_mig/u_ddr2_infrastructure/plle2_i does not drive the same kind of BUFFER load as the other CLKOUT pins. Routing from the different buffer types will not be phase aligned.
Related violations: <none>


