Copyright 1986-2017 Xilinx, Inc. All Rights Reserved.
---------------------------------------------------------------------------------------------------------------------------------------
| Tool Version : Vivado v.2017.1 (win64) Build 1846317 Fri Apr 14 18:55:03 MDT 2017
| Date         : Thu Dec 21 01:29:11 2017
| Host         : DESKTOP-27DIMJ4 running 64-bit major release  (build 9200)
| Command      : report_methodology -file microblaze_start_methodology_drc_routed.rpt -rpx microblaze_start_methodology_drc_routed.rpx
| Design       : microblaze_start
| Device       : xc7a100tcsg324-1
| Speed File   : -1
| Design State : Routed
---------------------------------------------------------------------------------------------------------------------------------------

Report Methodology

Table of Contents
-----------------
1. REPORT SUMMARY
2. REPORT DETAILS

1. REPORT SUMMARY
-----------------
            Netlist: netlist
          Floorplan: design_1
      Design limits: <entire design considered>
             Max violations: <unlimited>
             Violations found: 131
+-----------+----------+-------------------------------------------------+------------+
| Rule      | Severity | Description                                     | Violations |
+-----------+----------+-------------------------------------------------+------------+
| PDRC-190  | Warning  | Suboptimally placed synchronized register chain | 15         |
| TIMING-6  | Warning  | No common primary clock between related clocks  | 40         |
| TIMING-9  | Warning  | Unknown CDC Logic                               | 1          |
| TIMING-17 | Warning  | Non-clocked sequential cell                     | 13         |
| TIMING-18 | Warning  | Missing input or output delay                   | 54         |
| TIMING-38 | Warning  | Bus skew constraint applied on multiple clocks  | 1          |
| XDCB-5    | Warning  | Runtime inefficient way to find pin objects     | 7          |
+-----------+----------+-------------------------------------------------+------------+

2. REPORT DETAILS
-----------------
PDRC-190#1 Warning
Suboptimally placed synchronized register chain  
The FDPE cell nolabel_line62/mysys_i/hier_periph/axi_tft_0/U0/TFT_CTRL_I/LINE_BUFFER_U4/RAM/USE_2N_DEPTH.V6_S6_AND_LATER.I_ASYNC_FIFO_BRAM/inst_fifo_gen/gconvfifo.rf/grf.rf/rstblk/ngwrdrst.grst.g7serrst.rst_wr_reg2_reg in site SLICE_X30Y87 is part of a synchronized register chain that is suboptimally placed as the load FDRE cell nolabel_line62/mysys_i/hier_periph/axi_tft_0/U0/TFT_CTRL_I/LINE_BUFFER_U4/RAM/USE_2N_DEPTH.V6_S6_AND_LATER.I_ASYNC_FIFO_BRAM/inst_fifo_gen/gconvfifo.rf/grf.rf/rstblk/ngwrdrst.grst.g7serrst.gsckt_wrst.garst_sync[1].arst_sync_inst/Q_reg_reg[0] is not placed in the same (SLICE) site.
Related violations: <none>

PDRC-190#2 Warning
Suboptimally placed synchronized register chain  
The FDPE cell nolabel_line62/mysys_i/hier_periph/axis_data_fifo_0/inst/gen_fifo_generator.fifo_generator_inst/inst_fifo_gen/gaxis_fifo.gaxisf.axisf/grf.rf/rstblk/ngwrdrst.grst.g7serrst.rst_wr_reg2_reg in site SLICE_X75Y0 is part of a synchronized register chain that is suboptimally placed as the load FDRE cell nolabel_line62/mysys_i/hier_periph/axis_data_fifo_0/inst/gen_fifo_generator.fifo_generator_inst/inst_fifo_gen/gaxis_fifo.gaxisf.axisf/grf.rf/rstblk/ngwrdrst.grst.g7serrst.gsckt_wrst.garst_sync[1].arst_sync_inst/Q_reg_reg[0] is not placed in the same (SLICE) site.
Related violations: <none>

PDRC-190#3 Warning
Suboptimally placed synchronized register chain  
The FDRE cell nolabel_line62/mysys_i/hier_mem/mig_7series_0/u_mysys_mig_7series_0_0_mig/temp_mon_enabled.u_tempmon/device_temp_sync_r5_reg[0] in site SLICE_X52Y106 is part of a synchronized register chain that is suboptimally placed as the load FDRE cell nolabel_line62/mysys_i/hier_mem/mig_7series_0/u_mysys_mig_7series_0_0_mig/temp_mon_enabled.u_tempmon/device_temp_r_reg[0] is not placed in the same (SLICE) site.
Related violations: <none>

PDRC-190#4 Warning
Suboptimally placed synchronized register chain  
The FDRE cell nolabel_line62/mysys_i/hier_mem/mig_7series_0/u_mysys_mig_7series_0_0_mig/temp_mon_enabled.u_tempmon/device_temp_sync_r5_reg[10] in site SLICE_X52Y102 is part of a synchronized register chain that is suboptimally placed as the load FDRE cell nolabel_line62/mysys_i/hier_mem/mig_7series_0/u_mysys_mig_7series_0_0_mig/temp_mon_enabled.u_tempmon/device_temp_r_reg[10] is not placed in the same (SLICE) site.
Related violations: <none>

PDRC-190#5 Warning
Suboptimally placed synchronized register chain  
The FDRE cell nolabel_line62/mysys_i/hier_mem/mig_7series_0/u_mysys_mig_7series_0_0_mig/temp_mon_enabled.u_tempmon/device_temp_sync_r5_reg[11] in site SLICE_X52Y100 is part of a synchronized register chain that is suboptimally placed as the load FDRE cell nolabel_line62/mysys_i/hier_mem/mig_7series_0/u_mysys_mig_7series_0_0_mig/temp_mon_enabled.u_tempmon/device_temp_r_reg[11] is not placed in the same (SLICE) site.
Related violations: <none>

PDRC-190#6 Warning
Suboptimally placed synchronized register chain  
The FDRE cell nolabel_line62/mysys_i/hier_mem/mig_7series_0/u_mysys_mig_7series_0_0_mig/temp_mon_enabled.u_tempmon/device_temp_sync_r5_reg[1] in site SLICE_X51Y104 is part of a synchronized register chain that is suboptimally placed as the load FDRE cell nolabel_line62/mysys_i/hier_mem/mig_7series_0/u_mysys_mig_7series_0_0_mig/temp_mon_enabled.u_tempmon/device_temp_r_reg[1] is not placed in the same (SLICE) site.
Related violations: <none>

PDRC-190#7 Warning
Suboptimally placed synchronized register chain  
The FDRE cell nolabel_line62/mysys_i/hier_mem/mig_7series_0/u_mysys_mig_7series_0_0_mig/temp_mon_enabled.u_tempmon/device_temp_sync_r5_reg[2] in site SLICE_X52Y104 is part of a synchronized register chain that is suboptimally placed as the load FDRE cell nolabel_line62/mysys_i/hier_mem/mig_7series_0/u_mysys_mig_7series_0_0_mig/temp_mon_enabled.u_tempmon/device_temp_r_reg[2] is not placed in the same (SLICE) site.
Related violations: <none>

PDRC-190#8 Warning
Suboptimally placed synchronized register chain  
The FDRE cell nolabel_line62/mysys_i/hier_mem/mig_7series_0/u_mysys_mig_7series_0_0_mig/temp_mon_enabled.u_tempmon/device_temp_sync_r5_reg[3] in site SLICE_X54Y106 is part of a synchronized register chain that is suboptimally placed as the load FDRE cell nolabel_line62/mysys_i/hier_mem/mig_7series_0/u_mysys_mig_7series_0_0_mig/temp_mon_enabled.u_tempmon/device_temp_r_reg[3] is not placed in the same (SLICE) site.
Related violations: <none>

PDRC-190#9 Warning
Suboptimally placed synchronized register chain  
The FDRE cell nolabel_line62/mysys_i/hier_mem/mig_7series_0/u_mysys_mig_7series_0_0_mig/temp_mon_enabled.u_tempmon/device_temp_sync_r5_reg[4] in site SLICE_X54Y104 is part of a synchronized register chain that is suboptimally placed as the load FDRE cell nolabel_line62/mysys_i/hier_mem/mig_7series_0/u_mysys_mig_7series_0_0_mig/temp_mon_enabled.u_tempmon/device_temp_r_reg[4] is not placed in the same (SLICE) site.
Related violations: <none>

PDRC-190#10 Warning
Suboptimally placed synchronized register chain  
The FDRE cell nolabel_line62/mysys_i/hier_mem/mig_7series_0/u_mysys_mig_7series_0_0_mig/temp_mon_enabled.u_tempmon/device_temp_sync_r5_reg[5] in site SLICE_X53Y100 is part of a synchronized register chain that is suboptimally placed as the load FDRE cell nolabel_line62/mysys_i/hier_mem/mig_7series_0/u_mysys_mig_7series_0_0_mig/temp_mon_enabled.u_tempmon/device_temp_r_reg[5] is not placed in the same (SLICE) site.
Related violations: <none>

PDRC-190#11 Warning
Suboptimally placed synchronized register chain  
The FDRE cell nolabel_line62/mysys_i/hier_mem/mig_7series_0/u_mysys_mig_7series_0_0_mig/temp_mon_enabled.u_tempmon/device_temp_sync_r5_reg[6] in site SLICE_X55Y104 is part of a synchronized register chain that is suboptimally placed as the load FDRE cell nolabel_line62/mysys_i/hier_mem/mig_7series_0/u_mysys_mig_7series_0_0_mig/temp_mon_enabled.u_tempmon/device_temp_r_reg[6] is not placed in the same (SLICE) site.
Related violations: <none>

PDRC-190#12 Warning
Suboptimally placed synchronized register chain  
The FDRE cell nolabel_line62/mysys_i/hier_mem/mig_7series_0/u_mysys_mig_7series_0_0_mig/temp_mon_enabled.u_tempmon/device_temp_sync_r5_reg[7] in site SLICE_X55Y102 is part of a synchronized register chain that is suboptimally placed as the load FDRE cell nolabel_line62/mysys_i/hier_mem/mig_7series_0/u_mysys_mig_7series_0_0_mig/temp_mon_enabled.u_tempmon/device_temp_r_reg[7] is not placed in the same (SLICE) site.
Related violations: <none>

PDRC-190#13 Warning
Suboptimally placed synchronized register chain  
The FDRE cell nolabel_line62/mysys_i/hier_mem/mig_7series_0/u_mysys_mig_7series_0_0_mig/temp_mon_enabled.u_tempmon/device_temp_sync_r5_reg[8] in site SLICE_X53Y105 is part of a synchronized register chain that is suboptimally placed as the load FDRE cell nolabel_line62/mysys_i/hier_mem/mig_7series_0/u_mysys_mig_7series_0_0_mig/temp_mon_enabled.u_tempmon/device_temp_r_reg[8] is not placed in the same (SLICE) site.
Related violations: <none>

PDRC-190#14 Warning
Suboptimally placed synchronized register chain  
The FDRE cell nolabel_line62/mysys_i/hier_mem/mig_7series_0/u_mysys_mig_7series_0_0_mig/temp_mon_enabled.u_tempmon/device_temp_sync_r5_reg[9] in site SLICE_X53Y102 is part of a synchronized register chain that is suboptimally placed as the load FDRE cell nolabel_line62/mysys_i/hier_mem/mig_7series_0/u_mysys_mig_7series_0_0_mig/temp_mon_enabled.u_tempmon/device_temp_r_reg[9] is not placed in the same (SLICE) site.
Related violations: <none>

PDRC-190#15 Warning
Suboptimally placed synchronized register chain  
The FDRE cell nolabel_line62/mysys_i/hier_periph/axi_tft_0/U0/TFT_CTRL_I/LINE_BUFFER_U4/RAM/USE_2N_DEPTH.V6_S6_AND_LATER.I_ASYNC_FIFO_BRAM/inst_fifo_gen/gconvfifo.rf/grf.rf/rstblk/ngwrdrst.grst.g7serrst.gsckt_wrst.gic_rst.garst_sync_ic[3].rd_rst_inst/Q_reg_reg[0] in site SLICE_X33Y86 is part of a synchronized register chain that is suboptimally placed as the load FDRE cell nolabel_line62/mysys_i/hier_periph/axi_tft_0/U0/TFT_CTRL_I/LINE_BUFFER_U4/RAM/USE_2N_DEPTH.V6_S6_AND_LATER.I_ASYNC_FIFO_BRAM/inst_fifo_gen/gconvfifo.rf/grf.rf/rstblk/ngwrdrst.grst.g7serrst.gsckt_wrst.gic_rst.garst_sync_ic[1].rd_rst_wr_inst/Q_reg_reg[0] is not placed in the same (SLICE) site.
Related violations: <none>

TIMING-6#1 Warning
No common primary clock between related clocks  
The clocks clk_out1_mysys_clk_wiz_1_0 and clk_out1_mysys_clk_wiz_1_0_1 are related (timed together) but they have no common primary clock. The design could fail in hardware. To find a timing path between these clocks, run the following command: report_timing -from [get_clocks clk_out1_mysys_clk_wiz_1_0] -to [get_clocks clk_out1_mysys_clk_wiz_1_0_1]
Related violations: <none>

TIMING-6#2 Warning
No common primary clock between related clocks  
The clocks clk_out1_mysys_clk_wiz_1_0_1 and clk_out1_mysys_clk_wiz_1_0 are related (timed together) but they have no common primary clock. The design could fail in hardware. To find a timing path between these clocks, run the following command: report_timing -from [get_clocks clk_out1_mysys_clk_wiz_1_0_1] -to [get_clocks clk_out1_mysys_clk_wiz_1_0]
Related violations: <none>

TIMING-6#3 Warning
No common primary clock between related clocks  
The clocks clk_out2_mysys_clk_wiz_1_0 and clk_out2_mysys_clk_wiz_1_0_1 are related (timed together) but they have no common primary clock. The design could fail in hardware. To find a timing path between these clocks, run the following command: report_timing -from [get_clocks clk_out2_mysys_clk_wiz_1_0] -to [get_clocks clk_out2_mysys_clk_wiz_1_0_1]
Related violations: <none>

TIMING-6#4 Warning
No common primary clock between related clocks  
The clocks clk_out2_mysys_clk_wiz_1_0_1 and clk_out2_mysys_clk_wiz_1_0 are related (timed together) but they have no common primary clock. The design could fail in hardware. To find a timing path between these clocks, run the following command: report_timing -from [get_clocks clk_out2_mysys_clk_wiz_1_0_1] -to [get_clocks clk_out2_mysys_clk_wiz_1_0]
Related violations: <none>

TIMING-6#5 Warning
No common primary clock between related clocks  
The clocks clk_out3_mysys_clk_wiz_1_0 and clk_out3_mysys_clk_wiz_1_0_1 are related (timed together) but they have no common primary clock. The design could fail in hardware. To find a timing path between these clocks, run the following command: report_timing -from [get_clocks clk_out3_mysys_clk_wiz_1_0] -to [get_clocks clk_out3_mysys_clk_wiz_1_0_1]
Related violations: <none>

TIMING-6#6 Warning
No common primary clock between related clocks  
The clocks clk_out3_mysys_clk_wiz_1_0_1 and clk_out3_mysys_clk_wiz_1_0 are related (timed together) but they have no common primary clock. The design could fail in hardware. To find a timing path between these clocks, run the following command: report_timing -from [get_clocks clk_out3_mysys_clk_wiz_1_0_1] -to [get_clocks clk_out3_mysys_clk_wiz_1_0]
Related violations: <none>

TIMING-6#7 Warning
No common primary clock between related clocks  
The clocks clk_pll_i and clk_pll_i_1 are related (timed together) but they have no common primary clock. The design could fail in hardware. To find a timing path between these clocks, run the following command: report_timing -from [get_clocks clk_pll_i] -to [get_clocks clk_pll_i_1]
Related violations: <none>

TIMING-6#8 Warning
No common primary clock between related clocks  
The clocks clk_pll_i and u_memc_ui_top_axi/mem_intfc0/ddr_phy_top0/u_ddr_mc_phy_wrapper/u_ddr_mc_phy/ddr_phy_4lanes_0.u_ddr_phy_4lanes/ddr_byte_lane_A.ddr_byte_lane_A/iserdes_clk_1 are related (timed together) but they have no common primary clock. The design could fail in hardware. To find a timing path between these clocks, run the following command: report_timing -from [get_clocks clk_pll_i] -to [get_clocks u_memc_ui_top_axi/mem_intfc0/ddr_phy_top0/u_ddr_mc_phy_wrapper/u_ddr_mc_phy/ddr_phy_4lanes_0.u_ddr_phy_4lanes/ddr_byte_lane_A.ddr_byte_lane_A/iserdes_clk_1]
Related violations: <none>

TIMING-6#9 Warning
No common primary clock between related clocks  
The clocks clk_pll_i and u_memc_ui_top_axi/mem_intfc0/ddr_phy_top0/u_ddr_mc_phy_wrapper/u_ddr_mc_phy/ddr_phy_4lanes_0.u_ddr_phy_4lanes/ddr_byte_lane_C.ddr_byte_lane_C/iserdes_clk_1 are related (timed together) but they have no common primary clock. The design could fail in hardware. To find a timing path between these clocks, run the following command: report_timing -from [get_clocks clk_pll_i] -to [get_clocks u_memc_ui_top_axi/mem_intfc0/ddr_phy_top0/u_ddr_mc_phy_wrapper/u_ddr_mc_phy/ddr_phy_4lanes_0.u_ddr_phy_4lanes/ddr_byte_lane_C.ddr_byte_lane_C/iserdes_clk_1]
Related violations: <none>

TIMING-6#10 Warning
No common primary clock between related clocks  
The clocks clk_pll_i_1 and clk_pll_i are related (timed together) but they have no common primary clock. The design could fail in hardware. To find a timing path between these clocks, run the following command: report_timing -from [get_clocks clk_pll_i_1] -to [get_clocks clk_pll_i]
Related violations: <none>

TIMING-6#11 Warning
No common primary clock between related clocks  
The clocks clk_pll_i_1 and u_memc_ui_top_axi/mem_intfc0/ddr_phy_top0/u_ddr_mc_phy_wrapper/u_ddr_mc_phy/ddr_phy_4lanes_0.u_ddr_phy_4lanes/ddr_byte_lane_A.ddr_byte_lane_A/iserdes_clk are related (timed together) but they have no common primary clock. The design could fail in hardware. To find a timing path between these clocks, run the following command: report_timing -from [get_clocks clk_pll_i_1] -to [get_clocks u_memc_ui_top_axi/mem_intfc0/ddr_phy_top0/u_ddr_mc_phy_wrapper/u_ddr_mc_phy/ddr_phy_4lanes_0.u_ddr_phy_4lanes/ddr_byte_lane_A.ddr_byte_lane_A/iserdes_clk]
Related violations: <none>

TIMING-6#12 Warning
No common primary clock between related clocks  
The clocks clk_pll_i_1 and u_memc_ui_top_axi/mem_intfc0/ddr_phy_top0/u_ddr_mc_phy_wrapper/u_ddr_mc_phy/ddr_phy_4lanes_0.u_ddr_phy_4lanes/ddr_byte_lane_C.ddr_byte_lane_C/iserdes_clk are related (timed together) but they have no common primary clock. The design could fail in hardware. To find a timing path between these clocks, run the following command: report_timing -from [get_clocks clk_pll_i_1] -to [get_clocks u_memc_ui_top_axi/mem_intfc0/ddr_phy_top0/u_ddr_mc_phy_wrapper/u_ddr_mc_phy/ddr_phy_4lanes_0.u_ddr_phy_4lanes/ddr_byte_lane_C.ddr_byte_lane_C/iserdes_clk]
Related violations: <none>

TIMING-6#13 Warning
No common primary clock between related clocks  
The clocks iserdes_clkdiv and iserdes_clkdiv_2 are related (timed together) but they have no common primary clock. The design could fail in hardware. To find a timing path between these clocks, run the following command: report_timing -from [get_clocks iserdes_clkdiv] -to [get_clocks iserdes_clkdiv_2]
Related violations: <none>

TIMING-6#14 Warning
No common primary clock between related clocks  
The clocks iserdes_clkdiv_1 and iserdes_clkdiv_3 are related (timed together) but they have no common primary clock. The design could fail in hardware. To find a timing path between these clocks, run the following command: report_timing -from [get_clocks iserdes_clkdiv_1] -to [get_clocks iserdes_clkdiv_3]
Related violations: <none>

TIMING-6#15 Warning
No common primary clock between related clocks  
The clocks iserdes_clkdiv_2 and iserdes_clkdiv are related (timed together) but they have no common primary clock. The design could fail in hardware. To find a timing path between these clocks, run the following command: report_timing -from [get_clocks iserdes_clkdiv_2] -to [get_clocks iserdes_clkdiv]
Related violations: <none>

TIMING-6#16 Warning
No common primary clock between related clocks  
The clocks iserdes_clkdiv_3 and iserdes_clkdiv_1 are related (timed together) but they have no common primary clock. The design could fail in hardware. To find a timing path between these clocks, run the following command: report_timing -from [get_clocks iserdes_clkdiv_3] -to [get_clocks iserdes_clkdiv_1]
Related violations: <none>

TIMING-6#17 Warning
No common primary clock between related clocks  
The clocks mem_refclk and mem_refclk_1 are related (timed together) but they have no common primary clock. The design could fail in hardware. To find a timing path between these clocks, run the following command: report_timing -from [get_clocks mem_refclk] -to [get_clocks mem_refclk_1]
Related violations: <none>

TIMING-6#18 Warning
No common primary clock between related clocks  
The clocks mem_refclk_1 and mem_refclk are related (timed together) but they have no common primary clock. The design could fail in hardware. To find a timing path between these clocks, run the following command: report_timing -from [get_clocks mem_refclk_1] -to [get_clocks mem_refclk]
Related violations: <none>

TIMING-6#19 Warning
No common primary clock between related clocks  
The clocks oserdes_clk and oserdes_clk_4 are related (timed together) but they have no common primary clock. The design could fail in hardware. To find a timing path between these clocks, run the following command: report_timing -from [get_clocks oserdes_clk] -to [get_clocks oserdes_clk_4]
Related violations: <none>

TIMING-6#20 Warning
No common primary clock between related clocks  
The clocks oserdes_clk and oserdes_clkdiv_4 are related (timed together) but they have no common primary clock. The design could fail in hardware. To find a timing path between these clocks, run the following command: report_timing -from [get_clocks oserdes_clk] -to [get_clocks oserdes_clkdiv_4]
Related violations: <none>

TIMING-6#21 Warning
No common primary clock between related clocks  
The clocks oserdes_clk_1 and oserdes_clkdiv_5 are related (timed together) but they have no common primary clock. The design could fail in hardware. To find a timing path between these clocks, run the following command: report_timing -from [get_clocks oserdes_clk_1] -to [get_clocks oserdes_clkdiv_5]
Related violations: <none>

TIMING-6#22 Warning
No common primary clock between related clocks  
The clocks oserdes_clk_2 and oserdes_clk_6 are related (timed together) but they have no common primary clock. The design could fail in hardware. To find a timing path between these clocks, run the following command: report_timing -from [get_clocks oserdes_clk_2] -to [get_clocks oserdes_clk_6]
Related violations: <none>

TIMING-6#23 Warning
No common primary clock between related clocks  
The clocks oserdes_clk_2 and oserdes_clkdiv_6 are related (timed together) but they have no common primary clock. The design could fail in hardware. To find a timing path between these clocks, run the following command: report_timing -from [get_clocks oserdes_clk_2] -to [get_clocks oserdes_clkdiv_6]
Related violations: <none>

TIMING-6#24 Warning
No common primary clock between related clocks  
The clocks oserdes_clk_3 and oserdes_clkdiv_7 are related (timed together) but they have no common primary clock. The design could fail in hardware. To find a timing path between these clocks, run the following command: report_timing -from [get_clocks oserdes_clk_3] -to [get_clocks oserdes_clkdiv_7]
Related violations: <none>

TIMING-6#25 Warning
No common primary clock between related clocks  
The clocks oserdes_clk_4 and oserdes_clk are related (timed together) but they have no common primary clock. The design could fail in hardware. To find a timing path between these clocks, run the following command: report_timing -from [get_clocks oserdes_clk_4] -to [get_clocks oserdes_clk]
Related violations: <none>

TIMING-6#26 Warning
No common primary clock between related clocks  
The clocks oserdes_clk_4 and oserdes_clkdiv are related (timed together) but they have no common primary clock. The design could fail in hardware. To find a timing path between these clocks, run the following command: report_timing -from [get_clocks oserdes_clk_4] -to [get_clocks oserdes_clkdiv]
Related violations: <none>

TIMING-6#27 Warning
No common primary clock between related clocks  
The clocks oserdes_clk_5 and oserdes_clkdiv_1 are related (timed together) but they have no common primary clock. The design could fail in hardware. To find a timing path between these clocks, run the following command: report_timing -from [get_clocks oserdes_clk_5] -to [get_clocks oserdes_clkdiv_1]
Related violations: <none>

TIMING-6#28 Warning
No common primary clock between related clocks  
The clocks oserdes_clk_6 and oserdes_clk_2 are related (timed together) but they have no common primary clock. The design could fail in hardware. To find a timing path between these clocks, run the following command: report_timing -from [get_clocks oserdes_clk_6] -to [get_clocks oserdes_clk_2]
Related violations: <none>

TIMING-6#29 Warning
No common primary clock between related clocks  
The clocks oserdes_clk_6 and oserdes_clkdiv_2 are related (timed together) but they have no common primary clock. The design could fail in hardware. To find a timing path between these clocks, run the following command: report_timing -from [get_clocks oserdes_clk_6] -to [get_clocks oserdes_clkdiv_2]
Related violations: <none>

TIMING-6#30 Warning
No common primary clock between related clocks  
The clocks oserdes_clk_7 and oserdes_clkdiv_3 are related (timed together) but they have no common primary clock. The design could fail in hardware. To find a timing path between these clocks, run the following command: report_timing -from [get_clocks oserdes_clk_7] -to [get_clocks oserdes_clkdiv_3]
Related violations: <none>

TIMING-6#31 Warning
No common primary clock between related clocks  
The clocks oserdes_clkdiv and oserdes_clkdiv_4 are related (timed together) but they have no common primary clock. The design could fail in hardware. To find a timing path between these clocks, run the following command: report_timing -from [get_clocks oserdes_clkdiv] -to [get_clocks oserdes_clkdiv_4]
Related violations: <none>

TIMING-6#32 Warning
No common primary clock between related clocks  
The clocks oserdes_clkdiv_1 and oserdes_clkdiv_5 are related (timed together) but they have no common primary clock. The design could fail in hardware. To find a timing path between these clocks, run the following command: report_timing -from [get_clocks oserdes_clkdiv_1] -to [get_clocks oserdes_clkdiv_5]
Related violations: <none>

TIMING-6#33 Warning
No common primary clock between related clocks  
The clocks oserdes_clkdiv_2 and oserdes_clkdiv_6 are related (timed together) but they have no common primary clock. The design could fail in hardware. To find a timing path between these clocks, run the following command: report_timing -from [get_clocks oserdes_clkdiv_2] -to [get_clocks oserdes_clkdiv_6]
Related violations: <none>

TIMING-6#34 Warning
No common primary clock between related clocks  
The clocks oserdes_clkdiv_3 and oserdes_clkdiv_7 are related (timed together) but they have no common primary clock. The design could fail in hardware. To find a timing path between these clocks, run the following command: report_timing -from [get_clocks oserdes_clkdiv_3] -to [get_clocks oserdes_clkdiv_7]
Related violations: <none>

TIMING-6#35 Warning
No common primary clock between related clocks  
The clocks oserdes_clkdiv_4 and oserdes_clkdiv are related (timed together) but they have no common primary clock. The design could fail in hardware. To find a timing path between these clocks, run the following command: report_timing -from [get_clocks oserdes_clkdiv_4] -to [get_clocks oserdes_clkdiv]
Related violations: <none>

TIMING-6#36 Warning
No common primary clock between related clocks  
The clocks oserdes_clkdiv_5 and oserdes_clkdiv_1 are related (timed together) but they have no common primary clock. The design could fail in hardware. To find a timing path between these clocks, run the following command: report_timing -from [get_clocks oserdes_clkdiv_5] -to [get_clocks oserdes_clkdiv_1]
Related violations: <none>

TIMING-6#37 Warning
No common primary clock between related clocks  
The clocks oserdes_clkdiv_6 and oserdes_clkdiv_2 are related (timed together) but they have no common primary clock. The design could fail in hardware. To find a timing path between these clocks, run the following command: report_timing -from [get_clocks oserdes_clkdiv_6] -to [get_clocks oserdes_clkdiv_2]
Related violations: <none>

TIMING-6#38 Warning
No common primary clock between related clocks  
The clocks oserdes_clkdiv_7 and oserdes_clkdiv_3 are related (timed together) but they have no common primary clock. The design could fail in hardware. To find a timing path between these clocks, run the following command: report_timing -from [get_clocks oserdes_clkdiv_7] -to [get_clocks oserdes_clkdiv_3]
Related violations: <none>

TIMING-6#39 Warning
No common primary clock between related clocks  
The clocks sync_pulse and mem_refclk_1 are related (timed together) but they have no common primary clock. The design could fail in hardware. To find a timing path between these clocks, run the following command: report_timing -from [get_clocks sync_pulse] -to [get_clocks mem_refclk_1]
Related violations: <none>

TIMING-6#40 Warning
No common primary clock between related clocks  
The clocks sync_pulse_1 and mem_refclk are related (timed together) but they have no common primary clock. The design could fail in hardware. To find a timing path between these clocks, run the following command: report_timing -from [get_clocks sync_pulse_1] -to [get_clocks mem_refclk]
Related violations: <none>

TIMING-9#1 Warning
Unknown CDC Logic  
One or more asynchronous Clock Domain Crossing has been detected between 2 clock domains through a set_false_path or a set_clock_groups or set_max_delay -datapath_only constraint but no double-registers logic synchronizer has been found on the side of the capture clock. It is recommended to run report_cdc for a complete and detailed CDC coverage. Please consider using XPM_CDC to avoid Critical severities
Related violations: <none>

TIMING-17#1 Warning
Non-clocked sequential cell  
The clock pin nolabel_line62/mysys_i/hier_periph/KEYBOARD_0/inst/KEYBOARD_v1_0_S00_AXI_inst/cnt_reg[0]/C is not reached by a timing clock
Related violations: <none>

TIMING-17#2 Warning
Non-clocked sequential cell  
The clock pin nolabel_line62/mysys_i/hier_periph/KEYBOARD_0/inst/KEYBOARD_v1_0_S00_AXI_inst/cnt_reg[1]/C is not reached by a timing clock
Related violations: <none>

TIMING-17#3 Warning
Non-clocked sequential cell  
The clock pin nolabel_line62/mysys_i/hier_periph/KEYBOARD_0/inst/KEYBOARD_v1_0_S00_AXI_inst/cnt_reg[2]/C is not reached by a timing clock
Related violations: <none>

TIMING-17#4 Warning
Non-clocked sequential cell  
The clock pin nolabel_line62/mysys_i/hier_periph/KEYBOARD_0/inst/KEYBOARD_v1_0_S00_AXI_inst/cnt_reg[3]/C is not reached by a timing clock
Related violations: <none>

TIMING-17#5 Warning
Non-clocked sequential cell  
The clock pin nolabel_line62/mysys_i/hier_periph/KEYBOARD_0/inst/KEYBOARD_v1_0_S00_AXI_inst/datacur_reg[0]/C is not reached by a timing clock
Related violations: <none>

TIMING-17#6 Warning
Non-clocked sequential cell  
The clock pin nolabel_line62/mysys_i/hier_periph/KEYBOARD_0/inst/KEYBOARD_v1_0_S00_AXI_inst/datacur_reg[1]/C is not reached by a timing clock
Related violations: <none>

TIMING-17#7 Warning
Non-clocked sequential cell  
The clock pin nolabel_line62/mysys_i/hier_periph/KEYBOARD_0/inst/KEYBOARD_v1_0_S00_AXI_inst/datacur_reg[2]/C is not reached by a timing clock
Related violations: <none>

TIMING-17#8 Warning
Non-clocked sequential cell  
The clock pin nolabel_line62/mysys_i/hier_periph/KEYBOARD_0/inst/KEYBOARD_v1_0_S00_AXI_inst/datacur_reg[3]/C is not reached by a timing clock
Related violations: <none>

TIMING-17#9 Warning
Non-clocked sequential cell  
The clock pin nolabel_line62/mysys_i/hier_periph/KEYBOARD_0/inst/KEYBOARD_v1_0_S00_AXI_inst/datacur_reg[4]/C is not reached by a timing clock
Related violations: <none>

TIMING-17#10 Warning
Non-clocked sequential cell  
The clock pin nolabel_line62/mysys_i/hier_periph/KEYBOARD_0/inst/KEYBOARD_v1_0_S00_AXI_inst/datacur_reg[5]/C is not reached by a timing clock
Related violations: <none>

TIMING-17#11 Warning
Non-clocked sequential cell  
The clock pin nolabel_line62/mysys_i/hier_periph/KEYBOARD_0/inst/KEYBOARD_v1_0_S00_AXI_inst/datacur_reg[6]/C is not reached by a timing clock
Related violations: <none>

TIMING-17#12 Warning
Non-clocked sequential cell  
The clock pin nolabel_line62/mysys_i/hier_periph/KEYBOARD_0/inst/KEYBOARD_v1_0_S00_AXI_inst/datacur_reg[7]/C is not reached by a timing clock
Related violations: <none>

TIMING-17#13 Warning
Non-clocked sequential cell  
The clock pin nolabel_line62/mysys_i/hier_periph/KEYBOARD_0/inst/KEYBOARD_v1_0_S00_AXI_inst/flag_reg/C is not reached by a timing clock
Related violations: <none>

TIMING-18#1 Warning
Missing input or output delay  
An input delay is missing on CPU_RESETN relative to clock(s) CLK100MHZ VIRTUAL_clk_out2_mysys_clk_wiz_1_0 VIRTUAL_clk_pll_i sys_clk_pin 
Related violations: <none>

TIMING-18#2 Warning
Missing input or output delay  
An input delay is missing on LED[0] relative to clock(s) CLK100MHZ sys_clk_pin 
Related violations: <none>

TIMING-18#3 Warning
Missing input or output delay  
An input delay is missing on LED[10] relative to clock(s) CLK100MHZ sys_clk_pin 
Related violations: <none>

TIMING-18#4 Warning
Missing input or output delay  
An input delay is missing on LED[11] relative to clock(s) CLK100MHZ sys_clk_pin 
Related violations: <none>

TIMING-18#5 Warning
Missing input or output delay  
An input delay is missing on LED[12] relative to clock(s) CLK100MHZ sys_clk_pin 
Related violations: <none>

TIMING-18#6 Warning
Missing input or output delay  
An input delay is missing on LED[13] relative to clock(s) CLK100MHZ sys_clk_pin 
Related violations: <none>

TIMING-18#7 Warning
Missing input or output delay  
An input delay is missing on LED[14] relative to clock(s) CLK100MHZ sys_clk_pin 
Related violations: <none>

TIMING-18#8 Warning
Missing input or output delay  
An input delay is missing on LED[15] relative to clock(s) CLK100MHZ sys_clk_pin 
Related violations: <none>

TIMING-18#9 Warning
Missing input or output delay  
An input delay is missing on LED[1] relative to clock(s) CLK100MHZ sys_clk_pin 
Related violations: <none>

TIMING-18#10 Warning
Missing input or output delay  
An input delay is missing on LED[2] relative to clock(s) CLK100MHZ sys_clk_pin 
Related violations: <none>

TIMING-18#11 Warning
Missing input or output delay  
An input delay is missing on LED[3] relative to clock(s) CLK100MHZ sys_clk_pin 
Related violations: <none>

TIMING-18#12 Warning
Missing input or output delay  
An input delay is missing on LED[4] relative to clock(s) CLK100MHZ sys_clk_pin 
Related violations: <none>

TIMING-18#13 Warning
Missing input or output delay  
An input delay is missing on LED[5] relative to clock(s) CLK100MHZ sys_clk_pin 
Related violations: <none>

TIMING-18#14 Warning
Missing input or output delay  
An input delay is missing on LED[6] relative to clock(s) CLK100MHZ sys_clk_pin 
Related violations: <none>

TIMING-18#15 Warning
Missing input or output delay  
An input delay is missing on LED[7] relative to clock(s) CLK100MHZ sys_clk_pin 
Related violations: <none>

TIMING-18#16 Warning
Missing input or output delay  
An input delay is missing on LED[8] relative to clock(s) CLK100MHZ sys_clk_pin 
Related violations: <none>

TIMING-18#17 Warning
Missing input or output delay  
An input delay is missing on LED[9] relative to clock(s) CLK100MHZ sys_clk_pin 
Related violations: <none>

TIMING-18#18 Warning
Missing input or output delay  
An input delay is missing on PS2_CLK relative to clock(s) CLK100MHZ sys_clk_pin 
Related violations: <none>

TIMING-18#19 Warning
Missing input or output delay  
An input delay is missing on PS2_DATA relative to clock(s) CLK100MHZ sys_clk_pin 
Related violations: <none>

TIMING-18#20 Warning
Missing input or output delay  
An input delay is missing on SW[0] relative to clock(s) CLK100MHZ sys_clk_pin 
Related violations: <none>

TIMING-18#21 Warning
Missing input or output delay  
An input delay is missing on SW[10] relative to clock(s) CLK100MHZ sys_clk_pin 
Related violations: <none>

TIMING-18#22 Warning
Missing input or output delay  
An input delay is missing on SW[11] relative to clock(s) CLK100MHZ sys_clk_pin 
Related violations: <none>

TIMING-18#23 Warning
Missing input or output delay  
An input delay is missing on SW[12] relative to clock(s) CLK100MHZ sys_clk_pin 
Related violations: <none>

TIMING-18#24 Warning
Missing input or output delay  
An input delay is missing on SW[13] relative to clock(s) CLK100MHZ sys_clk_pin 
Related violations: <none>

TIMING-18#25 Warning
Missing input or output delay  
An input delay is missing on SW[14] relative to clock(s) CLK100MHZ sys_clk_pin 
Related violations: <none>

TIMING-18#26 Warning
Missing input or output delay  
An input delay is missing on SW[15] relative to clock(s) CLK100MHZ sys_clk_pin 
Related violations: <none>

TIMING-18#27 Warning
Missing input or output delay  
An input delay is missing on SW[1] relative to clock(s) CLK100MHZ sys_clk_pin 
Related violations: <none>

TIMING-18#28 Warning
Missing input or output delay  
An input delay is missing on SW[2] relative to clock(s) CLK100MHZ sys_clk_pin 
Related violations: <none>

TIMING-18#29 Warning
Missing input or output delay  
An input delay is missing on SW[3] relative to clock(s) CLK100MHZ sys_clk_pin 
Related violations: <none>

TIMING-18#30 Warning
Missing input or output delay  
An input delay is missing on SW[4] relative to clock(s) CLK100MHZ sys_clk_pin 
Related violations: <none>

TIMING-18#31 Warning
Missing input or output delay  
An input delay is missing on SW[5] relative to clock(s) CLK100MHZ sys_clk_pin 
Related violations: <none>

TIMING-18#32 Warning
Missing input or output delay  
An input delay is missing on SW[6] relative to clock(s) CLK100MHZ sys_clk_pin 
Related violations: <none>

TIMING-18#33 Warning
Missing input or output delay  
An input delay is missing on SW[7] relative to clock(s) CLK100MHZ sys_clk_pin 
Related violations: <none>

TIMING-18#34 Warning
Missing input or output delay  
An input delay is missing on SW[8] relative to clock(s) CLK100MHZ sys_clk_pin 
Related violations: <none>

TIMING-18#35 Warning
Missing input or output delay  
An input delay is missing on SW[9] relative to clock(s) CLK100MHZ sys_clk_pin 
Related violations: <none>

TIMING-18#36 Warning
Missing input or output delay  
An input delay is missing on spi_0_io0_io relative to clock(s) CLK100MHZ sys_clk_pin 
Related violations: <none>

TIMING-18#37 Warning
Missing input or output delay  
An input delay is missing on spi_0_io1_io relative to clock(s) CLK100MHZ sys_clk_pin 
Related violations: <none>

TIMING-18#38 Warning
Missing input or output delay  
An input delay is missing on spi_0_ss_io[0] relative to clock(s) CLK100MHZ sys_clk_pin 
Related violations: <none>

TIMING-18#39 Warning
Missing input or output delay  
An output delay is missing on AUD_PWM relative to clock(s) CLK100MHZ sys_clk_pin 
Related violations: <none>

TIMING-18#40 Warning
Missing input or output delay  
An output delay is missing on AUD_SD relative to clock(s) CLK100MHZ sys_clk_pin 
Related violations: <none>

TIMING-18#41 Warning
Missing input or output delay  
An output delay is missing on VGA_B[0] relative to clock(s) VIRTUAL_clk_out3_mysys_clk_wiz_1_0 
Related violations: <none>

TIMING-18#42 Warning
Missing input or output delay  
An output delay is missing on VGA_B[1] relative to clock(s) VIRTUAL_clk_out3_mysys_clk_wiz_1_0 
Related violations: <none>

TIMING-18#43 Warning
Missing input or output delay  
An output delay is missing on VGA_B[2] relative to clock(s) VIRTUAL_clk_out3_mysys_clk_wiz_1_0 
Related violations: <none>

TIMING-18#44 Warning
Missing input or output delay  
An output delay is missing on VGA_B[3] relative to clock(s) VIRTUAL_clk_out3_mysys_clk_wiz_1_0 
Related violations: <none>

TIMING-18#45 Warning
Missing input or output delay  
An output delay is missing on VGA_G[0] relative to clock(s) VIRTUAL_clk_out3_mysys_clk_wiz_1_0 
Related violations: <none>

TIMING-18#46 Warning
Missing input or output delay  
An output delay is missing on VGA_G[1] relative to clock(s) VIRTUAL_clk_out3_mysys_clk_wiz_1_0 
Related violations: <none>

TIMING-18#47 Warning
Missing input or output delay  
An output delay is missing on VGA_G[2] relative to clock(s) VIRTUAL_clk_out3_mysys_clk_wiz_1_0 
Related violations: <none>

TIMING-18#48 Warning
Missing input or output delay  
An output delay is missing on VGA_G[3] relative to clock(s) VIRTUAL_clk_out3_mysys_clk_wiz_1_0 
Related violations: <none>

TIMING-18#49 Warning
Missing input or output delay  
An output delay is missing on VGA_HS relative to clock(s) VIRTUAL_clk_out3_mysys_clk_wiz_1_0 
Related violations: <none>

TIMING-18#50 Warning
Missing input or output delay  
An output delay is missing on VGA_R[0] relative to clock(s) VIRTUAL_clk_out3_mysys_clk_wiz_1_0 
Related violations: <none>

TIMING-18#51 Warning
Missing input or output delay  
An output delay is missing on VGA_R[1] relative to clock(s) VIRTUAL_clk_out3_mysys_clk_wiz_1_0 
Related violations: <none>

TIMING-18#52 Warning
Missing input or output delay  
An output delay is missing on VGA_R[2] relative to clock(s) VIRTUAL_clk_out3_mysys_clk_wiz_1_0 
Related violations: <none>

TIMING-18#53 Warning
Missing input or output delay  
An output delay is missing on VGA_R[3] relative to clock(s) VIRTUAL_clk_out3_mysys_clk_wiz_1_0 
Related violations: <none>

TIMING-18#54 Warning
Missing input or output delay  
An output delay is missing on VGA_VS relative to clock(s) VIRTUAL_clk_out3_mysys_clk_wiz_1_0 
Related violations: <none>

TIMING-38#1 Warning
Bus skew constraint applied on multiple clocks  
Multiple clocks involved on source or destination of a bus skew constraint (see constraint position 49 in the Timing Constraint Window in Vivado IDE). It is recommended to have only one source clock and one destination clock per bus skew constraint
Related violations: <none>

XDCB-5#1 Warning
Runtime inefficient way to find pin objects  
The option '-through : [get_pins -hier -filter {NAME =~ */u_iodelay_ctrl/sys_rst}]' of constraint 'set_false_path' uses inefficient query to find pin objects (see constraint position '24' in the Timing Constraint window in Vivado IDE). To reduce runtime, it is recommended to get the pins through the cell objects. Please refer to Using Constraints Guide (Constraints Efficiency). An example of optimal query is: get_pins -filter {REF_PIN_NAME=~yy*} -of_objects [get_cells -hierarchical xx*].
Current XDC: e:/FPGA/game/game.srcs/sources_1/bd/mysys/ip/mysys_mig_7series_0_0/mysys_mig_7series_0_0/user_design/constraints/mysys_mig_7series_0_0.xdc (Line: 330)
Related violations: <none>

XDCB-5#2 Warning
Runtime inefficient way to find pin objects  
The option '-to : [get_pins -hier -filter name=~*TFT_CTRL_I/axi_rst_d1_reg/CLR]' of constraint 'set_false_path' uses inefficient query to find pin objects (see constraint position '32' in the Timing Constraint window in Vivado IDE). To reduce runtime, it is recommended to get the pins through the cell objects. Please refer to Using Constraints Guide (Constraints Efficiency). An example of optimal query is: get_pins -filter {REF_PIN_NAME=~yy*} -of_objects [get_cells -hierarchical xx*].
Current XDC: e:/FPGA/game/game.srcs/sources_1/bd/mysys/ip/mysys_axi_tft_0_0/mysys_axi_tft_0_0.xdc (Line: 51)
Related violations: <none>

XDCB-5#3 Warning
Runtime inefficient way to find pin objects  
The option '-to : [get_pins -hier -filter name=~*TFT_CTRL_I/axi_rst_d6_reg/CLR]' of constraint 'set_false_path' uses inefficient query to find pin objects (see constraint position '33' in the Timing Constraint window in Vivado IDE). To reduce runtime, it is recommended to get the pins through the cell objects. Please refer to Using Constraints Guide (Constraints Efficiency). An example of optimal query is: get_pins -filter {REF_PIN_NAME=~yy*} -of_objects [get_cells -hierarchical xx*].
Current XDC: e:/FPGA/game/game.srcs/sources_1/bd/mysys/ip/mysys_axi_tft_0_0/mysys_axi_tft_0_0.xdc (Line: 52)
Related violations: <none>

XDCB-5#4 Warning
Runtime inefficient way to find pin objects  
The option '-to : [get_pins -hierarchical -filter {NAME =~ */inst_fifo_gen/*rstblk*/*PRE}]' of constraint 'set_false_path' uses inefficient query to find pin objects (see constraint position '52' in the Timing Constraint window in Vivado IDE). To reduce runtime, it is recommended to get the pins through the cell objects. Please refer to Using Constraints Guide (Constraints Efficiency). An example of optimal query is: get_pins -filter {REF_PIN_NAME=~yy*} -of_objects [get_cells -hierarchical xx*].
Current XDC: e:/FPGA/game/game.srcs/sources_1/bd/mysys/ip/mysys_auto_cc_0/mysys_auto_cc_0_clocks.xdc (Line: 18)
Related violations: <none>

XDCB-5#5 Warning
Runtime inefficient way to find pin objects  
The option '-to : [get_pins -hierarchical -filter {NAME =~ *gsckt_wrst.garst_sync[1].arst_sync_inst/Q_reg_reg[0]/D}]' of constraint 'set_false_path' uses inefficient query to find pin objects (see constraint position '38' in the Timing Constraint window in Vivado IDE). To reduce runtime, it is recommended to get the pins through the cell objects. Please refer to Using Constraints Guide (Constraints Efficiency). An example of optimal query is: get_pins -filter {REF_PIN_NAME=~yy*} -of_objects [get_cells -hierarchical xx*].
Current XDC: e:/FPGA/game/game.srcs/sources_1/bd/mysys/ip/mysys_axis_data_fifo_0_0/mysys_axis_data_fifo_0_0/mysys_axis_data_fifo_0_0.xdc (Line: 61)
Related violations: <none>

XDCB-5#6 Warning
Runtime inefficient way to find pin objects  
The option '-to : [get_pins -hierarchical -filter {NAME =~ *rstblk*/*PRE}]' of constraint 'set_false_path' uses inefficient query to find pin objects (see constraint position '34' in the Timing Constraint window in Vivado IDE). To reduce runtime, it is recommended to get the pins through the cell objects. Please refer to Using Constraints Guide (Constraints Efficiency). An example of optimal query is: get_pins -filter {REF_PIN_NAME=~yy*} -of_objects [get_cells -hierarchical xx*].
Current XDC: e:/FPGA/game/game.srcs/sources_1/bd/mysys/ip/mysys_axi_tft_0_0/mysys_axi_tft_0_0.xdc (Line: 53)
Related violations: <none>

XDCB-5#7 Warning
Runtime inefficient way to find pin objects  
The option '-to : [get_pins -hierarchical -filter {NAME =~*_FIFO_II/USE_2N_DEPTH.V6_S6_AND_LATER.I_ASYNC_FIFO_BRAM/*rstblk*/*PRE}]' of constraint 'set_false_path' uses inefficient query to find pin objects (see constraint position '30' in the Timing Constraint window in Vivado IDE). To reduce runtime, it is recommended to get the pins through the cell objects. Please refer to Using Constraints Guide (Constraints Efficiency). An example of optimal query is: get_pins -filter {REF_PIN_NAME=~yy*} -of_objects [get_cells -hierarchical xx*].
Current XDC: e:/FPGA/game/game.srcs/sources_1/bd/mysys/ip/mysys_axi_quad_spi_0_0/mysys_axi_quad_spi_0_0.xdc (Line: 49)
Related violations: <none>


