#-----------------------------------------------------------
# Webtalk v2017.1 (64-bit)
# SW Build 1846317 on Fri Apr 14 18:55:03 MDT 2017
# 
# Start of session at: Wed Jun  7 02:30:28 2017
# Process ID: 116308
# Current directory: D:/FPGA/game/game.sdk/webtalk
# Command line: wbtcv.exe -mode batch -source sdk_webtalk.tcl
# Log file: D:/FPGA/game/game.sdk/webtalk/webtalk.log
# Journal file: D:/FPGA/game/game.sdk/webtalk\webtalk.jou
#-----------------------------------------------------------
source sdk_webtalk.tcl
# webtalk_init -webtalk_dir D:\\FPGA\\game\\game.sdk\\webtalk
# webtalk_register_client -client project
# webtalk_add_data -client project -key date_generated -value "2017-06-07 02:30:23" -context "software_version_and_target_device"
# webtalk_add_data -client project -key product_version -value "SDK v2017.1" -context "software_version_and_target_device"
# webtalk_add_data -client project -key build_version -value "2017.1" -context "software_version_and_target_device"
# webtalk_add_data -client project -key os_platform -value "amd64" -context "software_version_and_target_device"
# webtalk_add_data -client project -key registration_id -value "" -context "software_version_and_target_device"
# webtalk_add_data -client project -key tool_flow -value "SDK" -context "software_version_and_target_device"
# webtalk_add_data -client project -key beta -value "false" -context "software_version_and_target_device"
# webtalk_add_data -client project -key route_design -value "NA" -context "software_version_and_target_device"
# webtalk_add_data -client project -key target_family -value "NA" -context "software_version_and_target_device"
# webtalk_add_data -client project -key target_device -value "NA" -context "software_version_and_target_device"
# webtalk_add_data -client project -key target_package -value "NA" -context "software_version_and_target_device"
# webtalk_add_data -client project -key target_speed -value "NA" -context "software_version_and_target_device"
# webtalk_add_data -client project -key random_id -value "s82ntlspelahekinca27ijgaqm" -context "software_version_and_target_device"
# webtalk_add_data -client project -key project_id -value "2017.1_4" -context "software_version_and_target_device"
# webtalk_add_data -client project -key project_iteration -value "4" -context "software_version_and_target_device"
# webtalk_add_data -client project -key os_name -value "Microsoft Windows 8 or later , 64-bit" -context "user_environment"
# webtalk_add_data -client project -key os_release -value "major release  (build 9200)" -context "user_environment"
# webtalk_add_data -client project -key cpu_name -value "Intel(R) Core(TM) i7-4720HQ CPU @ 2.60GHz" -context "user_environment"
# webtalk_add_data -client project -key cpu_speed -value "2594 MHz" -context "user_environment"
# webtalk_add_data -client project -key total_processors -value "1" -context "user_environment"
# webtalk_add_data -client project -key system_ram -value "8.000 GB" -context "user_environment"
# webtalk_register_client -client sdk
# webtalk_add_data -client sdk -key uid -value "1496769042709" -context "sdk\\\\bsp/1496769042709"
# webtalk_add_data -client sdk -key hwid -value "1495070924622" -context "sdk\\\\bsp/1496769042709"
# webtalk_add_data -client sdk -key os -value "standalone" -context "sdk\\\\bsp/1496769042709"
# webtalk_add_data -client sdk -key apptemplate -value "null" -context "sdk\\\\bsp/1496769042709"
# webtalk_add_data -client sdk -key RecordType -value "BSPCreation" -context "sdk\\\\bsp/1496769042709"
# webtalk_add_data -client sdk -key uid -value "NA" -context "sdk\\\\bsp/1496773823585"
# webtalk_add_data -client sdk -key RecordType -value "ToolUsage" -context "sdk\\\\bsp/1496773823585"
# webtalk_add_data -client sdk -key BootgenCount -value "0" -context "sdk\\\\bsp/1496773823585"
# webtalk_add_data -client sdk -key DebugCount -value "0" -context "sdk\\\\bsp/1496773823585"
# webtalk_add_data -client sdk -key PerfCount -value "0" -context "sdk\\\\bsp/1496773823585"
# webtalk_add_data -client sdk -key FlashCount -value "0" -context "sdk\\\\bsp/1496773823585"
# webtalk_add_data -client sdk -key CrossTriggCount -value "0" -context "sdk\\\\bsp/1496773823585"
# webtalk_add_data -client sdk -key QemuDebugCount -value "0" -context "sdk\\\\bsp/1496773823585"
# webtalk_transmit -clientid 3463443996 -regid "" -xml D:\\FPGA\\game\\game.sdk\\webtalk\\usage_statistics_ext_sdk.xml -html D:\\FPGA\\game\\game.sdk\\webtalk\\usage_statistics_ext_sdk.html -wdm D:\\FPGA\\game\\game.sdk\\webtalk\\sdk_webtalk.wdm -intro "<H3>SDK Usage Report</H3><BR>"
# webtalk_terminate
INFO: [Common 17-206] Exiting Webtalk at Wed Jun  7 02:30:31 2017...
