#-----------------------------------------------------------
# Webtalk v2017.1 (64-bit)
# SW Build 1846317 on Fri Apr 14 18:55:03 MDT 2017
# 
# Start of session at: Mon Jun  5 21:30:32 2017
# Process ID: 99404
# Current directory: D:/FPGA/game/game.sdk/webtalk
# Command line: wbtcv.exe -mode batch -source sdk_webtalk.tcl
# Log file: D:/FPGA/game/game.sdk/webtalk/webtalk.log
# Journal file: D:/FPGA/game/game.sdk/webtalk\webtalk.jou
#-----------------------------------------------------------
source sdk_webtalk.tcl
# webtalk_init -webtalk_dir D:\\FPGA\\game\\game.sdk\\webtalk
# webtalk_register_client -client project
# webtalk_add_data -client project -key date_generated -value "2017-06-05 21:30:28" -context "software_version_and_target_device"
# webtalk_add_data -client project -key product_version -value "SDK v2017.1" -context "software_version_and_target_device"
# webtalk_add_data -client project -key build_version -value "2017.1" -context "software_version_and_target_device"
# webtalk_add_data -client project -key os_platform -value "amd64" -context "software_version_and_target_device"
# webtalk_add_data -client project -key registration_id -value "" -context "software_version_and_target_device"
# webtalk_add_data -client project -key tool_flow -value "SDK" -context "software_version_and_target_device"
# webtalk_add_data -client project -key beta -value "false" -context "software_version_and_target_device"
# webtalk_add_data -client project -key route_design -value "NA" -context "software_version_and_target_device"
# webtalk_add_data -client project -key target_family -value "NA" -context "software_version_and_target_device"
# webtalk_add_data -client project -key target_device -value "NA" -context "software_version_and_target_device"
# webtalk_add_data -client project -key target_package -value "NA" -context "software_version_and_target_device"
# webtalk_add_data -client project -key target_speed -value "NA" -context "software_version_and_target_device"
# webtalk_add_data -client project -key random_id -value "eipbd64e24ehohf6lf4d7puhgq" -context "software_version_and_target_device"
# webtalk_add_data -client project -key project_id -value "2017.1_2" -context "software_version_and_target_device"
# webtalk_add_data -client project -key project_iteration -value "2" -context "software_version_and_target_device"
# webtalk_add_data -client project -key os_name -value "Microsoft Windows 8 or later , 64-bit" -context "user_environment"
# webtalk_add_data -client project -key os_release -value "major release  (build 9200)" -context "user_environment"
# webtalk_add_data -client project -key cpu_name -value "Intel(R) Core(TM) i7-4720HQ CPU @ 2.60GHz" -context "user_environment"
# webtalk_add_data -client project -key cpu_speed -value "2594 MHz" -context "user_environment"
# webtalk_add_data -client project -key total_processors -value "1" -context "user_environment"
# webtalk_add_data -client project -key system_ram -value "8.000 GB" -context "user_environment"
# webtalk_register_client -client sdk
# webtalk_add_data -client sdk -key uid -value "1496640387250" -context "sdk\\\\bsp/1496640387250"
# webtalk_add_data -client sdk -key hwid -value "1495070924622" -context "sdk\\\\bsp/1496640387250"
# webtalk_add_data -client sdk -key os -value "standalone" -context "sdk\\\\bsp/1496640387250"
# webtalk_add_data -client sdk -key apptemplate -value "peripheral_tests" -context "sdk\\\\bsp/1496640387250"
# webtalk_add_data -client sdk -key RecordType -value "BSPCreation" -context "sdk\\\\bsp/1496640387250"
# webtalk_add_data -client sdk -key uid -value "1496640402832" -context "sdk\\\\application/1496640402832"
# webtalk_add_data -client sdk -key hwid -value "1495070924622" -context "sdk\\\\application/1496640402832"
# webtalk_add_data -client sdk -key bspid -value "1496640387250" -context "sdk\\\\application/1496640402832"
# webtalk_add_data -client sdk -key newbsp -value "true" -context "sdk\\\\application/1496640402832"
# webtalk_add_data -client sdk -key os -value "standalone" -context "sdk\\\\application/1496640402832"
# webtalk_add_data -client sdk -key apptemplate -value "peripheral_tests" -context "sdk\\\\application/1496640402832"
# webtalk_add_data -client sdk -key RecordType -value "APPCreation" -context "sdk\\\\application/1496640402832"
# webtalk_add_data -client sdk -key LangUsed -value "C" -context "sdk\\\\application/1496640402832"
# webtalk_add_data -client sdk -key Procused -value "microblaze" -context "sdk\\\\application/1496640402832"
# webtalk_add_data -client sdk -key uid -value "1496646670467" -context "sdk\\\\bsp/1496646670467"
# webtalk_add_data -client sdk -key hwid -value "1495070924622" -context "sdk\\\\bsp/1496646670467"
# webtalk_add_data -client sdk -key os -value "standalone" -context "sdk\\\\bsp/1496646670467"
# webtalk_add_data -client sdk -key apptemplate -value "null" -context "sdk\\\\bsp/1496646670467"
# webtalk_add_data -client sdk -key RecordType -value "BSPCreation" -context "sdk\\\\bsp/1496646670467"
# webtalk_add_data -client sdk -key uid -value "1496647041307" -context "sdk\\\\bsp/1496647041307"
# webtalk_add_data -client sdk -key hwid -value "1495070924622" -context "sdk\\\\bsp/1496647041307"
# webtalk_add_data -client sdk -key os -value "standalone" -context "sdk\\\\bsp/1496647041307"
# webtalk_add_data -client sdk -key apptemplate -value "peripheral_tests" -context "sdk\\\\bsp/1496647041307"
# webtalk_add_data -client sdk -key RecordType -value "BSPCreation" -context "sdk\\\\bsp/1496647041307"
# webtalk_add_data -client sdk -key uid -value "1496647043720" -context "sdk\\\\application/1496647043720"
# webtalk_add_data -client sdk -key hwid -value "1495070924622" -context "sdk\\\\application/1496647043720"
# webtalk_add_data -client sdk -key bspid -value "1496647041307" -context "sdk\\\\application/1496647043720"
# webtalk_add_data -client sdk -key newbsp -value "true" -context "sdk\\\\application/1496647043720"
# webtalk_add_data -client sdk -key os -value "standalone" -context "sdk\\\\application/1496647043720"
# webtalk_add_data -client sdk -key apptemplate -value "peripheral_tests" -context "sdk\\\\application/1496647043720"
# webtalk_add_data -client sdk -key RecordType -value "APPCreation" -context "sdk\\\\application/1496647043720"
# webtalk_add_data -client sdk -key LangUsed -value "C" -context "sdk\\\\application/1496647043720"
# webtalk_add_data -client sdk -key Procused -value "microblaze" -context "sdk\\\\application/1496647043720"
# webtalk_add_data -client sdk -key projSize -value "179.328125" -context "sdk\\\\application/1496647043720"
# webtalk_add_data -client sdk -key uid -value "NA" -context "sdk\\\\bsp/1496669428590"
# webtalk_add_data -client sdk -key RecordType -value "ToolUsage" -context "sdk\\\\bsp/1496669428590"
# webtalk_add_data -client sdk -key BootgenCount -value "0" -context "sdk\\\\bsp/1496669428590"
# webtalk_add_data -client sdk -key DebugCount -value "0" -context "sdk\\\\bsp/1496669428590"
# webtalk_add_data -client sdk -key PerfCount -value "0" -context "sdk\\\\bsp/1496669428590"
# webtalk_add_data -client sdk -key FlashCount -value "0" -context "sdk\\\\bsp/1496669428590"
# webtalk_add_data -client sdk -key CrossTriggCount -value "0" -context "sdk\\\\bsp/1496669428590"
# webtalk_add_data -client sdk -key QemuDebugCount -value "0" -context "sdk\\\\bsp/1496669428590"
# webtalk_transmit -clientid 1194540163 -regid "" -xml D:\\FPGA\\game\\game.sdk\\webtalk\\usage_statistics_ext_sdk.xml -html D:\\FPGA\\game\\game.sdk\\webtalk\\usage_statistics_ext_sdk.html -wdm D:\\FPGA\\game\\game.sdk\\webtalk\\sdk_webtalk.wdm -intro "<H3>SDK Usage Report</H3><BR>"
INFO: [Common 17-186] 'D:\FPGA\game\game.sdk\webtalk\usage_statistics_ext_sdk.xml' has been successfully sent to Xilinx on Mon Jun  5 21:30:43 2017. For additional details about this file, please refer to the WebTalk help file at C:/Xilinx/SDK/2017.1/doc/webtalk_introduction.html.
webtalk_transmit: Time (s): cpu = 00:00:00 ; elapsed = 00:00:06 . Memory (MB): peak = 61.395 ; gain = 0.176
# webtalk_terminate
INFO: [Common 17-206] Exiting Webtalk at Mon Jun  5 21:30:43 2017...
